<?xml version="1.0" encoding="UTF-8"?>
<testng-results ignored="0" total="3" passed="3" failed="0" skipped="0">
  <reporter-output>
  </reporter-output>
  <suite started-at="2024-02-29T16:53:03 IST" name="Suite" finished-at="2024-02-29T16:53:41 IST" duration-ms="37809">
    <groups>
    </groups>
    <test started-at="2024-02-29T16:53:03 IST" name="Test" finished-at="2024-02-29T16:53:41 IST" duration-ms="37809">
      <class name="Demo.Axis.Immegration">
        <test-method signature="log()[pri:0, instance:Demo.Axis.Immegration@35cabb2a]" started-at="2024-02-29T16:53:03 IST" name="log" finished-at="2024-02-29T16:53:13 IST" duration-ms="10472" status="PASS">
          <reporter-output>
          </reporter-output>
        </test-method> <!-- log -->
        <test-method is-config="true" signature="immegration()[pri:0, instance:Demo.Axis.Immegration@35cabb2a]" started-at="2024-02-29T16:53:13 IST" name="immegration" finished-at="2024-02-29T16:53:17 IST" duration-ms="3535" status="PASS">
          <reporter-output>
          </reporter-output>
        </test-method> <!-- immegration -->
      </class> <!-- Demo.Axis.Immegration -->
      <class name="Demo.Axis.Attachments">
        <test-method signature="log()[pri:0, instance:Demo.Axis.Attachments@313ac989]" started-at="2024-02-29T16:53:17 IST" name="log" finished-at="2024-02-29T16:53:26 IST" duration-ms="8853" status="PASS">
          <reporter-output>
          </reporter-output>
        </test-method> <!-- log -->
        <test-method is-config="true" signature="addAttachments()[pri:0, instance:Demo.Axis.Attachments@313ac989]" started-at="2024-02-29T16:53:26 IST" name="addAttachments" finished-at="2024-02-29T16:53:28 IST" duration-ms="2231" status="PASS">
          <reporter-output>
          </reporter-output>
        </test-method> <!-- addAttachments -->
      </class> <!-- Demo.Axis.Attachments -->
      <class name="Demo.Axis.Job">
        <test-method signature="log()[pri:0, instance:Demo.Axis.Job@4562e04d]" started-at="2024-02-29T16:53:28 IST" name="log" finished-at="2024-02-29T16:53:38 IST" duration-ms="9419" status="PASS">
          <reporter-output>
          </reporter-output>
        </test-method> <!-- log -->
        <test-method is-config="true" signature="jobs()[pri:0, instance:Demo.Axis.Job@4562e04d]" started-at="2024-02-29T16:53:38 IST" name="jobs" finished-at="2024-02-29T16:53:41 IST" duration-ms="3137" status="PASS">
          <reporter-output>
          </reporter-output>
        </test-method> <!-- jobs -->
      </class> <!-- Demo.Axis.Job -->
    </test> <!-- Test -->
  </suite> <!-- Suite -->
</testng-results>
