<?xml version="1.0" encoding="UTF-8"?>
<testng-results ignored="0" total="1" passed="1" failed="0" skipped="0">
  <reporter-output>
  </reporter-output>
  <suite started-at="2024-02-29T17:34:57 IST" name="Default suite" finished-at="2024-02-29T17:35:08 IST" duration-ms="11860">
    <groups>
    </groups>
    <test started-at="2024-02-29T17:34:57 IST" name="Default test" finished-at="2024-02-29T17:35:08 IST" duration-ms="11860">
      <class name="Demo.Axis.Attachments">
        <test-method signature="log()[pri:0, instance:Demo.Axis.Attachments@38c6f217]" started-at="2024-02-29T17:34:57 IST" name="log" finished-at="2024-02-29T17:35:06 IST" duration-ms="9246" status="PASS">
          <reporter-output>
          </reporter-output>
        </test-method> <!-- log -->
        <test-method is-config="true" signature="addAttachments()[pri:0, instance:Demo.Axis.Attachments@38c6f217]" started-at="2024-02-29T17:35:06 IST" name="addAttachments" finished-at="2024-02-29T17:35:08 IST" duration-ms="2535" status="PASS">
          <reporter-output>
          </reporter-output>
        </test-method> <!-- addAttachments -->
      </class> <!-- Demo.Axis.Attachments -->
    </test> <!-- Default test -->
  </suite> <!-- Default suite -->
</testng-results>
